<?xml version="1.0" encoding="UTF-8"?>
<!-- Generated by org.testng.reporters.JUnitReportReporter -->
<testsuite hostname="Arnus-MacBook-Air.local" failures="0" tests="2" name="cucumberOptions.TestNGTestRunner" time="15.448" errors="0" timestamp="2024-11-12T15:59:39 IST" skipped="0">
  <testcase classname="cucumberOptions.TestNGTestRunner" name="runScenario" time="7.705"/>
  <testcase classname="cucumberOptions.TestNGTestRunner" name="runScenario" time="7.743"/>
</testsuite> <!-- cucumberOptions.TestNGTestRunner -->
